<?xml version="1.0" encoding="UTF-8"?>
<testng-results ignored="0" total="1" passed="1" failed="0" skipped="0">
  <reporter-output>
  </reporter-output>
  <suite started-at="2024-04-20T15:29:06 IST" name="Default suite" finished-at="2024-04-20T15:29:06 IST" duration-ms="297">
    <groups>
    </groups>
    <test started-at="2024-04-20T15:29:06 IST" name="Default test" finished-at="2024-04-20T15:29:06 IST" duration-ms="297">
      <class name="api.Tests.CovertingHashmaptoJSON">
        <test-method signature="covertjson()[pri:0, instance:api.Tests.CovertingHashmaptoJSON@a2431d0]" started-at="2024-04-20T15:29:06 IST" name="covertjson" finished-at="2024-04-20T15:29:06 IST" duration-ms="251" status="PASS">
          <reporter-output>
          </reporter-output>
        </test-method> <!-- covertjson -->
      </class> <!-- api.Tests.CovertingHashmaptoJSON -->
    </test> <!-- Default test -->
  </suite> <!-- Default suite -->
</testng-results>
